app/build/intermediates/manifest_merge_blame_file/debug/manifest-merger-blame-debug-report.txt
1<?xml version="1.0" encoding="utf-8"?>
2<manifest xmlns:android="http://schemas.android.com/apk/res/android"
3    package="com.example.applicationloginsystem"
4    android:versionCode="1"
5    android:versionName="1.0" >
6
7    <uses-sdk
8        android:minSdkVersion="21"
8-->src\main\AndroidManifest.xml
9        android:targetSdkVersion="31" />
9-->src\main\AndroidManifest.xml
10
11    <supports-screens
11-->src\main\AndroidManifest.xml:5:5-9:40
12        android:largeScreens="true"
12-->src\main\AndroidManifest.xml:6:9-36
13        android:normalScreens="true"
13-->src\main\AndroidManifest.xml:7:9-37
14        android:smallScreens="true"
14-->src\main\AndroidManifest.xml:8:9-36
15        android:xlargeScreens="true" />
15-->src\main\AndroidManifest.xml:9:9-37
16
17    <application
17-->src\main\AndroidManifest.xml:11:5-99:19
18        android:allowBackup="true"
18-->src\main\AndroidManifest.xml:12:9-35
19        android:appComponentFactory="androidx.core.app.CoreComponentFactory"
19-->[androidx.core:core:1.3.2] AndroidManifest.xml:24:18-86
20        android:debuggable="true"
21        android:icon="@mipmap/ic_launcher"
21-->src\main\AndroidManifest.xml:13:9-43
22        android:label="cafeoasis"
22-->src\main\AndroidManifest.xml:14:9-34
23        android:roundIcon="@mipmap/ic_launcher_round"
23-->src\main\AndroidManifest.xml:15:9-54
24        android:supportsRtl="true"
24-->src\main\AndroidManifest.xml:16:9-35
25        android:testOnly="true"
26        android:theme="@style/Theme.ApplicationLoginSystem" >
26-->src\main\AndroidManifest.xml:17:9-60
27        <activity
27-->src\main\AndroidManifest.xml:18:9-20:40
28            android:name="com.example.cafeoasis.Layout_listview_mypurchases"
28-->src\main\AndroidManifest.xml:19:13-56
29            android:exported="false" />
29-->src\main\AndroidManifest.xml:20:13-37
30        <activity
30-->src\main\AndroidManifest.xml:21:9-23:40
31            android:name="com.example.cafeoasis.MyPurchases"
31-->src\main\AndroidManifest.xml:22:13-40
32            android:exported="false" />
32-->src\main\AndroidManifest.xml:23:13-37
33        <activity
33-->src\main\AndroidManifest.xml:24:9-26:40
34            android:name="com.example.cafeoasis.MainActivity"
34-->src\main\AndroidManifest.xml:25:13-41
35            android:exported="false" />
35-->src\main\AndroidManifest.xml:26:13-37
36        <activity
36-->src\main\AndroidManifest.xml:27:9-29:40
37            android:name="com.example.cafeoasis.Layout_listview_admin_manageorders"
37-->src\main\AndroidManifest.xml:28:13-63
38            android:exported="false" />
38-->src\main\AndroidManifest.xml:29:13-37
39        <activity
39-->src\main\AndroidManifest.xml:30:9-32:40
40            android:name="com.example.cafeoasis.Layout_listview_admin_managecafeitems"
40-->src\main\AndroidManifest.xml:31:13-66
41            android:exported="false" />
41-->src\main\AndroidManifest.xml:32:13-37
42        <activity
42-->src\main\AndroidManifest.xml:33:9-35:40
43            android:name="com.example.cafeoasis.Layout_listview_view_feedback_customer"
43-->src\main\AndroidManifest.xml:34:13-67
44            android:exported="false" />
44-->src\main\AndroidManifest.xml:35:13-37
45        <activity
45-->src\main\AndroidManifest.xml:36:9-38:40
46            android:name="com.example.cafeoasis.Layout_listview_shoppingcart"
46-->src\main\AndroidManifest.xml:37:13-57
47            android:exported="false" />
47-->src\main\AndroidManifest.xml:38:13-37
48        <activity
48-->src\main\AndroidManifest.xml:39:9-41:40
49            android:name="com.example.cafeoasis.AdminPanel_FeedbackActivity"
49-->src\main\AndroidManifest.xml:40:13-56
50            android:exported="false" />
50-->src\main\AndroidManifest.xml:41:13-37
51        <activity
51-->src\main\AndroidManifest.xml:42:9-44:40
52            android:name="com.example.cafeoasis.AdminPanel_CustomerPaymentDataActivity"
52-->src\main\AndroidManifest.xml:43:13-67
53            android:exported="false" />
53-->src\main\AndroidManifest.xml:44:13-37
54        <activity
54-->src\main\AndroidManifest.xml:45:9-47:40
55            android:name="com.example.cafeoasis.AdminPanel_OrdersUpdateStatusActivity"
55-->src\main\AndroidManifest.xml:46:13-66
56            android:exported="false" />
56-->src\main\AndroidManifest.xml:47:13-37
57        <activity
57-->src\main\AndroidManifest.xml:48:9-50:40
58            android:name="com.example.cafeoasis.AdminPanel_OrdersActivity"
58-->src\main\AndroidManifest.xml:49:13-54
59            android:exported="false" />
59-->src\main\AndroidManifest.xml:50:13-37
60        <activity
60-->src\main\AndroidManifest.xml:51:9-53:40
61            android:name="com.example.cafeoasis.AdminPanel_AccountsActivity"
61-->src\main\AndroidManifest.xml:52:13-56
62            android:exported="false" />
62-->src\main\AndroidManifest.xml:53:13-37
63        <activity
63-->src\main\AndroidManifest.xml:54:9-56:40
64            android:name="com.example.cafeoasis.AdminPanel_AddItemActivity"
64-->src\main\AndroidManifest.xml:55:13-55
65            android:exported="false" />
65-->src\main\AndroidManifest.xml:56:13-37
66        <activity
66-->src\main\AndroidManifest.xml:57:9-59:40
67            android:name="com.example.cafeoasis.AdminPanel_CafeMenuActivity"
67-->src\main\AndroidManifest.xml:58:13-56
68            android:exported="false" />
68-->src\main\AndroidManifest.xml:59:13-37
69        <activity
69-->src\main\AndroidManifest.xml:60:9-62:40
70            android:name="com.example.cafeoasis.AdminPanel_HomeActivity"
70-->src\main\AndroidManifest.xml:61:13-52
71            android:exported="false" />
71-->src\main\AndroidManifest.xml:62:13-37
72        <activity
72-->src\main\AndroidManifest.xml:63:9-65:40
73            android:name="com.example.cafeoasis.ViewReviewsActivity"
73-->src\main\AndroidManifest.xml:64:13-48
74            android:exported="false" />
74-->src\main\AndroidManifest.xml:65:13-37
75        <activity
75-->src\main\AndroidManifest.xml:66:9-68:40
76            android:name="com.example.cafeoasis.InputFeedbackActivity"
76-->src\main\AndroidManifest.xml:67:13-50
77            android:exported="false" />
77-->src\main\AndroidManifest.xml:68:13-37
78        <activity
78-->src\main\AndroidManifest.xml:69:9-71:40
79            android:name="com.example.cafeoasis.OrderEndActivity"
79-->src\main\AndroidManifest.xml:70:13-45
80            android:exported="false" />
80-->src\main\AndroidManifest.xml:71:13-37
81        <activity
81-->src\main\AndroidManifest.xml:72:9-74:40
82            android:name="com.example.cafeoasis.PaymentActivity"
82-->src\main\AndroidManifest.xml:73:13-44
83            android:exported="false" />
83-->src\main\AndroidManifest.xml:74:13-37
84        <activity
84-->src\main\AndroidManifest.xml:75:9-77:40
85            android:name="com.example.cafeoasis.ShoppingCartActivity"
85-->src\main\AndroidManifest.xml:76:13-49
86            android:exported="false" />
86-->src\main\AndroidManifest.xml:77:13-37
87        <activity
87-->src\main\AndroidManifest.xml:78:9-80:40
88            android:name="com.example.cafeoasis.ProfileActivity"
88-->src\main\AndroidManifest.xml:79:13-44
89            android:exported="false" />
89-->src\main\AndroidManifest.xml:80:13-37
90        <activity
90-->src\main\AndroidManifest.xml:81:9-83:40
91            android:name="com.example.cafeoasis.MainMenuActivity"
91-->src\main\AndroidManifest.xml:82:13-45
92            android:exported="false" />
92-->src\main\AndroidManifest.xml:83:13-37
93        <activity
93-->src\main\AndroidManifest.xml:84:9-86:40
94            android:name="com.example.cafeoasis.RegisterAccountActivity"
94-->src\main\AndroidManifest.xml:85:13-52
95            android:exported="false" />
95-->src\main\AndroidManifest.xml:86:13-37
96        <activity
96-->src\main\AndroidManifest.xml:87:9-89:40
97            android:name="com.example.cafeoasis.LoginActivity"
97-->src\main\AndroidManifest.xml:88:13-42
98            android:exported="false" />
98-->src\main\AndroidManifest.xml:89:13-37
99        <activity
99-->src\main\AndroidManifest.xml:90:9-98:20
100            android:name="com.example.cafeoasis.SplashActivity"
100-->src\main\AndroidManifest.xml:91:13-43
101            android:exported="true" >
101-->src\main\AndroidManifest.xml:92:13-36
102            <intent-filter>
102-->src\main\AndroidManifest.xml:93:13-97:29
103                <action android:name="android.intent.action.MAIN" />
103-->src\main\AndroidManifest.xml:94:17-69
103-->src\main\AndroidManifest.xml:94:25-66
104
105                <category android:name="android.intent.category.LAUNCHER" />
105-->src\main\AndroidManifest.xml:96:17-77
105-->src\main\AndroidManifest.xml:96:27-74
106            </intent-filter>
107        </activity>
108    </application>
109
110</manifest>